[INFO] Scanning for projects...
[INFO] 
[INFO] -----------------< org.springaicommunity:skills-demo >------------------
[INFO] Building skills-demo 0.1.0-SNAPSHOT
[INFO]   from pom.xml
[INFO] --------------------------------[ jar ]---------------------------------
[INFO] 
[INFO] >>> spring-boot:4.0.1:run (default-cli) > test-compile @ skills-demo >>>
[INFO] 
[INFO] --- resources:3.3.1:resources (default-resources) @ skills-demo ---
[INFO] Copying 2 resources from src\main\resources to target\classes
[INFO] Copying 284 resources from src\main\resources to target\classes
[INFO] 
[INFO] --- compiler:3.14.1:compile (default-compile) @ skills-demo ---
[INFO] Nothing to compile - all classes are up to date.
[INFO] 
[INFO] --- resources:3.3.1:testResources (default-testResources) @ skills-demo ---
[INFO] skip non existing resourceDirectory E:\github\spring-ai-agent-utils\examples\skills-demo\src\test\resources
[INFO] 
[INFO] --- compiler:3.14.1:testCompile (default-testCompile) @ skills-demo ---
[INFO] No sources to compile
[INFO] 
[INFO] <<< spring-boot:4.0.1:run (default-cli) < test-compile @ skills-demo <<<
[INFO] 
[INFO] 
[INFO] --- spring-boot:4.0.1:run (default-cli) @ skills-demo ---
[INFO] Attaching agents: []

  .   ____          _            __ _ _
 /\\ / ___'_ __ _ _(_)_ __  __ _ \ \ \ \
( ( )\___ | '_ | '_| | '_ \/ _` | \ \ \ \
 \\/  ___)| |_)| | | | | || (_| |  ) ) ) )
  '  |____| .__|_| |_|_| |_\__, | / / / /
 =========|_|==============|___/=/_/_/_/

 :: Spring Boot ::                (v4.0.1)

2026-01-29T17:01:41.641+08:00  INFO 34100 --- [recursive-advisor-demo] [           main] o.springaicommunity.skills.Application   : Starting Application using Java 21 with PID 34100 (E:\github\spring-ai-agent-utils\examples\skills-demo\target\classes started by kevintsai in E:\github\spring-ai-agent-utils\examples\skills-demo)
2026-01-29T17:01:41.644+08:00  INFO 34100 --- [recursive-advisor-demo] [           main] o.springaicommunity.skills.Application   : No active profile set, falling back to 1 default profile: "default"
2026-01-29T17:01:42.530+08:00  INFO 34100 --- [recursive-advisor-demo] [           main] o.springaicommunity.skills.Application   : Started Application in 1.304 seconds (process running for 1.681)
2026-01-29T17:01:42.812+08:00  INFO 34100 --- [recursive-advisor-demo] [           main] .s.b.a.l.ConditionEvaluationReportLogger : 

Error starting ApplicationContext. To display the condition evaluation report re-run your application with 'debug' enabled.
2026-01-29T17:01:42.827+08:00 ERROR 34100 --- [recursive-advisor-demo] [           main] o.s.boot.SpringApplication               : Application run failed

java.lang.IllegalArgumentException: API key must not be null or empty
	at org.springaicommunity.agent.tools.BraveWebSearchTool$Builder.<init>(BraveWebSearchTool.java:472) ~[spring-ai-agent-utils-0.4.0-SNAPSHOT.jar:0.4.0-SNAPSHOT]
	at org.springaicommunity.agent.tools.BraveWebSearchTool.builder(BraveWebSearchTool.java:454) ~[spring-ai-agent-utils-0.4.0-SNAPSHOT.jar:0.4.0-SNAPSHOT]
	at org.springaicommunity.skills.Application.lambda$0(Application.java:50) ~[classes/:na]
	at org.springframework.boot.SpringApplication.lambda$callRunner$1(SpringApplication.java:792) ~[spring-boot-4.0.1.jar:4.0.1]
	at org.springframework.util.function.ThrowingConsumer$1.acceptWithException(ThrowingConsumer.java:82) ~[spring-core-7.0.2.jar:7.0.2]
	at org.springframework.util.function.ThrowingConsumer.accept(ThrowingConsumer.java:60) ~[spring-core-7.0.2.jar:7.0.2]
	at org.springframework.util.function.ThrowingConsumer$1.accept(ThrowingConsumer.java:86) ~[spring-core-7.0.2.jar:7.0.2]
	at org.springframework.boot.SpringApplication.callRunner(SpringApplication.java:800) ~[spring-boot-4.0.1.jar:4.0.1]
	at org.springframework.boot.SpringApplication.callRunner(SpringApplication.java:791) ~[spring-boot-4.0.1.jar:4.0.1]
	at org.springframework.boot.SpringApplication.lambda$callRunners$0(SpringApplication.java:776) ~[spring-boot-4.0.1.jar:4.0.1]
	at java.base/java.util.stream.ForEachOps$ForEachOp$OfRef.accept(ForEachOps.java:184) ~[na:na]
	at java.base/java.util.stream.SortedOps$SizedRefSortingSink.end(SortedOps.java:357) ~[na:na]
	at java.base/java.util.stream.AbstractPipeline.copyInto(AbstractPipeline.java:510) ~[na:na]
	at java.base/java.util.stream.AbstractPipeline.wrapAndCopyInto(AbstractPipeline.java:499) ~[na:na]
	at java.base/java.util.stream.ForEachOps$ForEachOp.evaluateSequential(ForEachOps.java:151) ~[na:na]
	at java.base/java.util.stream.ForEachOps$ForEachOp$OfRef.evaluateSequential(ForEachOps.java:174) ~[na:na]
	at java.base/java.util.stream.AbstractPipeline.evaluate(AbstractPipeline.java:234) ~[na:na]
	at java.base/java.util.stream.ReferencePipeline.forEach(ReferencePipeline.java:596) ~[na:na]
	at org.springframework.boot.SpringApplication.callRunners(SpringApplication.java:776) ~[spring-boot-4.0.1.jar:4.0.1]
	at org.springframework.boot.SpringApplication.run(SpringApplication.java:328) ~[spring-boot-4.0.1.jar:4.0.1]
	at org.springframework.boot.SpringApplication.run(SpringApplication.java:1365) ~[spring-boot-4.0.1.jar:4.0.1]
	at org.springframework.boot.SpringApplication.run(SpringApplication.java:1354) ~[spring-boot-4.0.1.jar:4.0.1]
	at org.springaicommunity.skills.Application.main(Application.java:26) ~[classes/:na]

[INFO] ------------------------------------------------------------------------
[INFO] BUILD FAILURE
[INFO] ------------------------------------------------------------------------
[INFO] Total time:  4.332 s
[INFO] Finished at: 2026-01-29T17:01:43+08:00
[INFO] ------------------------------------------------------------------------
[ERROR] Failed to execute goal org.springframework.boot:spring-boot-maven-plugin:4.0.1:run (default-cli) on project skills-demo: Process terminated with exit code: 1 -> [Help 1]
[ERROR] 
[ERROR] To see the full stack trace of the errors, re-run Maven with the -e switch.
[ERROR] Re-run Maven using the -X switch to enable full debug logging.
[ERROR] 
[ERROR] For more information about the errors and possible solutions, please read the following articles:
[ERROR] [Help 1] http://cwiki.apache.org/confluence/display/MAVEN/MojoExecutionException
